{"content": {"suites": {"0": {"status": {"total_pass": 0, "total_skip": 0, "total_xpass": 0, "total_xfail": 0, "total_rerun": 0, "total_fail": 2, "total_error": 0}, "tests": {"0": {"status": "FAIL", "message": "   selenium.common.exceptions.ElementClickInterceptedException: Message: element click intercepted: Element is not clickable at point (481, -46)\n     (Session info: chrome=93.0.4577.82)\n", "test_name": "test_busquedaPalabraClav", "rerun": "0"}, "1": {"status": "FAIL", "message": "   selenium.common.exceptions.ElementClickInterceptedException: Message: element click intercepted: Element <a href=\"#\" class=\"current default\">...</a> is not clickable at point (903, 664). Other element would receive the click: <div class=\"sticky-items\">...</div>\n     (Session info: chrome=93.0.4577.82)\n", "test_name": "test_consultorMadrid", "rerun": "0"}}, "suite_name": "test_PruebasAlten.py"}}}, "date": "October 07, 2021", "start_time": 1633603571.9268098, "total_suite": 1, "status": "FAIL", "status_list": {"pass": "0", "fail": "2", "skip": "0", "error": "0", "xpass": "0", "xfail": "0", "rerun": "0"}, "total_tests": "2"}